CRITICAL - 2024-08-09 17:57:55 --> ErrorException: Trying to access array offset on value of type null
[Method: GET, Route: checkout]
in APPPATH\Controllers\CheckoutController.php on line 19.
 1 APPPATH\Controllers\CheckoutController.php(19): CodeIgniter\Debug\Exceptions->errorHandler(2, 'Trying to access array offset on value of type null', 'C:\\Users\\HP\\OneDrive\\Documents\\GitHub\\learnxa\\app\\Controllers\\CheckoutController.php', 19)
 2 SYSTEMPATH\CodeIgniter.php(933): App\Controllers\CheckoutController->index()
 3 SYSTEMPATH\CodeIgniter.php(509): CodeIgniter\CodeIgniter->runController(Object(App\Controllers\CheckoutController))
 4 SYSTEMPATH\CodeIgniter.php(355): CodeIgniter\CodeIgniter->handleRequest(null, Object(Config\Cache), false)
 5 SYSTEMPATH\Boot.php(325): CodeIgniter\CodeIgniter->run()
 6 SYSTEMPATH\Boot.php(67): CodeIgniter\Boot::runCodeIgniter(Object(CodeIgniter\CodeIgniter))
 7 FCPATH\index.php(59): CodeIgniter\Boot::bootWeb(Object(Config\Paths))
 8 SYSTEMPATH\Commands\Server\rewrite.php(49): require_once('C:\\Users\\HP\\OneDrive\\Documents\\GitHub\\learnxa\\public\\index.php')
CRITICAL - 2024-08-09 17:58:10 --> ErrorException: Trying to access array offset on value of type null
[Method: GET, Route: checkout]
in APPPATH\Controllers\CheckoutController.php on line 19.
 1 APPPATH\Controllers\CheckoutController.php(19): CodeIgniter\Debug\Exceptions->errorHandler(2, 'Trying to access array offset on value of type null', 'C:\\Users\\HP\\OneDrive\\Documents\\GitHub\\learnxa\\app\\Controllers\\CheckoutController.php', 19)
 2 SYSTEMPATH\CodeIgniter.php(933): App\Controllers\CheckoutController->index()
 3 SYSTEMPATH\CodeIgniter.php(509): CodeIgniter\CodeIgniter->runController(Object(App\Controllers\CheckoutController))
 4 SYSTEMPATH\CodeIgniter.php(355): CodeIgniter\CodeIgniter->handleRequest(null, Object(Config\Cache), false)
 5 SYSTEMPATH\Boot.php(325): CodeIgniter\CodeIgniter->run()
 6 SYSTEMPATH\Boot.php(67): CodeIgniter\Boot::runCodeIgniter(Object(CodeIgniter\CodeIgniter))
 7 FCPATH\index.php(59): CodeIgniter\Boot::bootWeb(Object(Config\Paths))
 8 SYSTEMPATH\Commands\Server\rewrite.php(49): require_once('C:\\Users\\HP\\OneDrive\\Documents\\GitHub\\learnxa\\public\\index.php')
CRITICAL - 2024-08-09 17:58:48 --> ErrorException: Trying to access array offset on value of type null
[Method: GET, Route: checkout]
in APPPATH\Controllers\CheckoutController.php on line 19.
 1 APPPATH\Controllers\CheckoutController.php(19): CodeIgniter\Debug\Exceptions->errorHandler(2, 'Trying to access array offset on value of type null', 'C:\\Users\\HP\\OneDrive\\Documents\\GitHub\\learnxa\\app\\Controllers\\CheckoutController.php', 19)
 2 SYSTEMPATH\CodeIgniter.php(933): App\Controllers\CheckoutController->index()
 3 SYSTEMPATH\CodeIgniter.php(509): CodeIgniter\CodeIgniter->runController(Object(App\Controllers\CheckoutController))
 4 SYSTEMPATH\CodeIgniter.php(355): CodeIgniter\CodeIgniter->handleRequest(null, Object(Config\Cache), false)
 5 SYSTEMPATH\Boot.php(325): CodeIgniter\CodeIgniter->run()
 6 SYSTEMPATH\Boot.php(67): CodeIgniter\Boot::runCodeIgniter(Object(CodeIgniter\CodeIgniter))
 7 FCPATH\index.php(59): CodeIgniter\Boot::bootWeb(Object(Config\Paths))
 8 SYSTEMPATH\Commands\Server\rewrite.php(49): require_once('C:\\Users\\HP\\OneDrive\\Documents\\GitHub\\learnxa\\public\\index.php')
CRITICAL - 2024-08-09 19:49:43 --> ErrorException: Trying to access array offset on value of type null
[Method: GET, Route: checkout]
in APPPATH\Controllers\CheckoutController.php on line 19.
 1 APPPATH\Controllers\CheckoutController.php(19): CodeIgniter\Debug\Exceptions->errorHandler(2, 'Trying to access array offset on value of type null', 'C:\\Users\\HP\\OneDrive\\Documents\\GitHub\\learnxa\\app\\Controllers\\CheckoutController.php', 19)
 2 SYSTEMPATH\CodeIgniter.php(933): App\Controllers\CheckoutController->index()
 3 SYSTEMPATH\CodeIgniter.php(509): CodeIgniter\CodeIgniter->runController(Object(App\Controllers\CheckoutController))
 4 SYSTEMPATH\CodeIgniter.php(355): CodeIgniter\CodeIgniter->handleRequest(null, Object(Config\Cache), false)
 5 SYSTEMPATH\Boot.php(325): CodeIgniter\CodeIgniter->run()
 6 SYSTEMPATH\Boot.php(67): CodeIgniter\Boot::runCodeIgniter(Object(CodeIgniter\CodeIgniter))
 7 FCPATH\index.php(59): CodeIgniter\Boot::bootWeb(Object(Config\Paths))
 8 SYSTEMPATH\Commands\Server\rewrite.php(49): require_once('C:\\Users\\HP\\OneDrive\\Documents\\GitHub\\learnxa\\public\\index.php')
CRITICAL - 2024-08-09 20:09:32 --> ErrorException: Trying to access array offset on value of type null
[Method: GET, Route: checkout]
in APPPATH\Controllers\CheckoutController.php on line 19.
 1 APPPATH\Controllers\CheckoutController.php(19): CodeIgniter\Debug\Exceptions->errorHandler(2, 'Trying to access array offset on value of type null', 'C:\\Users\\HP\\OneDrive\\Documents\\GitHub\\learnxa\\app\\Controllers\\CheckoutController.php', 19)
 2 SYSTEMPATH\CodeIgniter.php(933): App\Controllers\CheckoutController->index()
 3 SYSTEMPATH\CodeIgniter.php(509): CodeIgniter\CodeIgniter->runController(Object(App\Controllers\CheckoutController))
 4 SYSTEMPATH\CodeIgniter.php(355): CodeIgniter\CodeIgniter->handleRequest(null, Object(Config\Cache), false)
 5 SYSTEMPATH\Boot.php(325): CodeIgniter\CodeIgniter->run()
 6 SYSTEMPATH\Boot.php(67): CodeIgniter\Boot::runCodeIgniter(Object(CodeIgniter\CodeIgniter))
 7 FCPATH\index.php(59): CodeIgniter\Boot::bootWeb(Object(Config\Paths))
 8 SYSTEMPATH\Commands\Server\rewrite.php(49): require_once('C:\\Users\\HP\\OneDrive\\Documents\\GitHub\\learnxa\\public\\index.php')
CRITICAL - 2024-08-09 20:09:35 --> ErrorException: Trying to access array offset on value of type null
[Method: GET, Route: checkout]
in APPPATH\Controllers\CheckoutController.php on line 19.
 1 APPPATH\Controllers\CheckoutController.php(19): CodeIgniter\Debug\Exceptions->errorHandler(2, 'Trying to access array offset on value of type null', 'C:\\Users\\HP\\OneDrive\\Documents\\GitHub\\learnxa\\app\\Controllers\\CheckoutController.php', 19)
 2 SYSTEMPATH\CodeIgniter.php(933): App\Controllers\CheckoutController->index()
 3 SYSTEMPATH\CodeIgniter.php(509): CodeIgniter\CodeIgniter->runController(Object(App\Controllers\CheckoutController))
 4 SYSTEMPATH\CodeIgniter.php(355): CodeIgniter\CodeIgniter->handleRequest(null, Object(Config\Cache), false)
 5 SYSTEMPATH\Boot.php(325): CodeIgniter\CodeIgniter->run()
 6 SYSTEMPATH\Boot.php(67): CodeIgniter\Boot::runCodeIgniter(Object(CodeIgniter\CodeIgniter))
 7 FCPATH\index.php(59): CodeIgniter\Boot::bootWeb(Object(Config\Paths))
 8 SYSTEMPATH\Commands\Server\rewrite.php(49): require_once('C:\\Users\\HP\\OneDrive\\Documents\\GitHub\\learnxa\\public\\index.php')
