ERROR - 2024-08-11 23:26:39 --> cURL Error: Failed to connect to api.flutterwave.com port 443 after 21400 ms: Timed out
ERROR - 2024-08-11 23:31:04 --> mysqli_sql_exception: Column 'user_id' cannot be null in C:\Users\HP\OneDrive\Documents\GitHub\learnxa\vendor\codeigniter4\framework\system\Database\MySQLi\Connection.php:310
Stack trace:
#0 C:\Users\HP\OneDrive\Documents\GitHub\learnxa\vendor\codeigniter4\framework\system\Database\MySQLi\Connection.php(310): mysqli->query('INSERT INTO `co...', 0)
#1 C:\Users\HP\OneDrive\Documents\GitHub\learnxa\vendor\codeigniter4\framework\system\Database\BaseConnection.php(732): CodeIgniter\Database\MySQLi\Connection->execute('INSERT INTO `co...')
#2 C:\Users\HP\OneDrive\Documents\GitHub\learnxa\vendor\codeigniter4\framework\system\Database\BaseConnection.php(646): CodeIgniter\Database\BaseConnection->simpleQuery('INSERT INTO `co...')
#3 C:\Users\HP\OneDrive\Documents\GitHub\learnxa\vendor\codeigniter4\framework\system\Database\BaseBuilder.php(2333): CodeIgniter\Database\BaseConnection->query('INSERT INTO `co...', Array, false)
#4 C:\Users\HP\OneDrive\Documents\GitHub\learnxa\vendor\codeigniter4\framework\system\Model.php(394): CodeIgniter\Database\BaseBuilder->insert()
#5 C:\Users\HP\OneDrive\Documents\GitHub\learnxa\vendor\codeigniter4\framework\system\BaseModel.php(840): CodeIgniter\Model->doInsert(Array)
#6 C:\Users\HP\OneDrive\Documents\GitHub\learnxa\vendor\codeigniter4\framework\system\Model.php(802): CodeIgniter\BaseModel->insert(Array, true)
#7 C:\Users\HP\OneDrive\Documents\GitHub\learnxa\app\Controllers\PaymentController.php(320): CodeIgniter\Model->insert(Array)
#8 C:\Users\HP\OneDrive\Documents\GitHub\learnxa\vendor\codeigniter4\framework\system\CodeIgniter.php(933): App\Controllers\PaymentController->verifyEnrollmentPayment()
#9 C:\Users\HP\OneDrive\Documents\GitHub\learnxa\vendor\codeigniter4\framework\system\CodeIgniter.php(509): CodeIgniter\CodeIgniter->runController(Object(App\Controllers\PaymentController))
#10 C:\Users\HP\OneDrive\Documents\GitHub\learnxa\vendor\codeigniter4\framework\system\CodeIgniter.php(355): CodeIgniter\CodeIgniter->handleRequest(NULL, Object(Config\Cache), false)
#11 C:\Users\HP\OneDrive\Documents\GitHub\learnxa\vendor\codeigniter4\framework\system\Boot.php(325): CodeIgniter\CodeIgniter->run()
#12 C:\Users\HP\OneDrive\Documents\GitHub\learnxa\vendor\codeigniter4\framework\system\Boot.php(67): CodeIgniter\Boot::runCodeIgniter(Object(CodeIgniter\CodeIgniter))
#13 C:\Users\HP\OneDrive\Documents\GitHub\learnxa\public\index.php(59): CodeIgniter\Boot::bootWeb(Object(Config\Paths))
#14 C:\Users\HP\OneDrive\Documents\GitHub\learnxa\vendor\codeigniter4\framework\system\Commands\Server\rewrite.php(49): require_once('C:\\Users\\HP\\One...')
#15 {main}
CRITICAL - 2024-08-11 23:31:04 --> CodeIgniter\Database\Exceptions\DatabaseException: Column 'user_id' cannot be null
[Method: GET, Route: verifyCourseEnrollmentPayment]
in SYSTEMPATH\Database\BaseConnection.php on line 686.
 1 SYSTEMPATH\Database\BaseBuilder.php(2333): CodeIgniter\Database\BaseConnection->query('INSERT INTO `course_enrollments` (`user_id`, `course_id`, `enrollment_date`, `price`, `status`, `payment_reference`, `payment_status`, `created_at`, `updated_at`) VALUES (:user_id:, :course_id:, :enrollment_date:, :price:, :status:, :payment_reference:, :payment_status:, :created_at:, :updated_at:)', [...], false)
 2 SYSTEMPATH\Model.php(394): CodeIgniter\Database\BaseBuilder->insert()
 3 SYSTEMPATH\BaseModel.php(840): CodeIgniter\Model->doInsert([...])
 4 SYSTEMPATH\Model.php(802): CodeIgniter\BaseModel->insert([...], true)
 5 APPPATH\Controllers\PaymentController.php(320): CodeIgniter\Model->insert([...])
 6 SYSTEMPATH\CodeIgniter.php(933): App\Controllers\PaymentController->verifyEnrollmentPayment()
 7 SYSTEMPATH\CodeIgniter.php(509): CodeIgniter\CodeIgniter->runController(Object(App\Controllers\PaymentController))
 8 SYSTEMPATH\CodeIgniter.php(355): CodeIgniter\CodeIgniter->handleRequest(null, Object(Config\Cache), false)
 9 SYSTEMPATH\Boot.php(325): CodeIgniter\CodeIgniter->run()
10 SYSTEMPATH\Boot.php(67): CodeIgniter\Boot::runCodeIgniter(Object(CodeIgniter\CodeIgniter))
11 FCPATH\index.php(59): CodeIgniter\Boot::bootWeb(Object(Config\Paths))
12 SYSTEMPATH\Commands\Server\rewrite.php(49): require_once('C:\\Users\\HP\\OneDrive\\Documents\\GitHub\\learnxa\\public\\index.php')
CRITICAL - 2024-08-11 23:31:04 --> [Caused by] CodeIgniter\Database\Exceptions\DatabaseException: Column 'user_id' cannot be null
in SYSTEMPATH\Database\MySQLi\Connection.php on line 315.
 1 SYSTEMPATH\Database\BaseConnection.php(732): CodeIgniter\Database\MySQLi\Connection->execute('INSERT INTO `course_enrollments` (`user_id`, `course_id`, `enrollment_date`, `price`, `status`, `payment_reference`, `payment_status`, `created_at`, `updated_at`) VALUES (NULL, \'43\', \'2024-08-11 23:31:04\', 4000, \'enrolled\', \'trx_66b9494a46029\', \'paid\', \'2024-08-11 23:31:04\', \'2024-08-11 23:31:04\')')
 2 SYSTEMPATH\Database\BaseConnection.php(646): CodeIgniter\Database\BaseConnection->simpleQuery('INSERT INTO `course_enrollments` (`user_id`, `course_id`, `enrollment_date`, `price`, `status`, `payment_reference`, `payment_status`, `created_at`, `updated_at`) VALUES (NULL, \'43\', \'2024-08-11 23:31:04\', 4000, \'enrolled\', \'trx_66b9494a46029\', \'paid\', \'2024-08-11 23:31:04\', \'2024-08-11 23:31:04\')')
 3 SYSTEMPATH\Database\BaseBuilder.php(2333): CodeIgniter\Database\BaseConnection->query('INSERT INTO `course_enrollments` (`user_id`, `course_id`, `enrollment_date`, `price`, `status`, `payment_reference`, `payment_status`, `created_at`, `updated_at`) VALUES (:user_id:, :course_id:, :enrollment_date:, :price:, :status:, :payment_reference:, :payment_status:, :created_at:, :updated_at:)', [...], false)
 4 SYSTEMPATH\Model.php(394): CodeIgniter\Database\BaseBuilder->insert()
 5 SYSTEMPATH\BaseModel.php(840): CodeIgniter\Model->doInsert([...])
 6 SYSTEMPATH\Model.php(802): CodeIgniter\BaseModel->insert([...], true)
 7 APPPATH\Controllers\PaymentController.php(320): CodeIgniter\Model->insert([...])
 8 SYSTEMPATH\CodeIgniter.php(933): App\Controllers\PaymentController->verifyEnrollmentPayment()
 9 SYSTEMPATH\CodeIgniter.php(509): CodeIgniter\CodeIgniter->runController(Object(App\Controllers\PaymentController))
10 SYSTEMPATH\CodeIgniter.php(355): CodeIgniter\CodeIgniter->handleRequest(null, Object(Config\Cache), false)
11 SYSTEMPATH\Boot.php(325): CodeIgniter\CodeIgniter->run()
12 SYSTEMPATH\Boot.php(67): CodeIgniter\Boot::runCodeIgniter(Object(CodeIgniter\CodeIgniter))
13 FCPATH\index.php(59): CodeIgniter\Boot::bootWeb(Object(Config\Paths))
14 SYSTEMPATH\Commands\Server\rewrite.php(49): require_once('C:\\Users\\HP\\OneDrive\\Documents\\GitHub\\learnxa\\public\\index.php')
CRITICAL - 2024-08-11 23:31:04 --> [Caused by] mysqli_sql_exception: Column 'user_id' cannot be null
in SYSTEMPATH\Database\MySQLi\Connection.php on line 310.
 1 SYSTEMPATH\Database\MySQLi\Connection.php(310): mysqli->query('INSERT INTO `course_enrollments` (`user_id`, `course_id`, `enrollment_date`, `price`, `status`, `payment_reference`, `payment_status`, `created_at`, `updated_at`) VALUES (NULL, \'43\', \'2024-08-11 23:31:04\', 4000, \'enrolled\', \'trx_66b9494a46029\', \'paid\', \'2024-08-11 23:31:04\', \'2024-08-11 23:31:04\')', 0)
 2 SYSTEMPATH\Database\BaseConnection.php(732): CodeIgniter\Database\MySQLi\Connection->execute('INSERT INTO `course_enrollments` (`user_id`, `course_id`, `enrollment_date`, `price`, `status`, `payment_reference`, `payment_status`, `created_at`, `updated_at`) VALUES (NULL, \'43\', \'2024-08-11 23:31:04\', 4000, \'enrolled\', \'trx_66b9494a46029\', \'paid\', \'2024-08-11 23:31:04\', \'2024-08-11 23:31:04\')')
 3 SYSTEMPATH\Database\BaseConnection.php(646): CodeIgniter\Database\BaseConnection->simpleQuery('INSERT INTO `course_enrollments` (`user_id`, `course_id`, `enrollment_date`, `price`, `status`, `payment_reference`, `payment_status`, `created_at`, `updated_at`) VALUES (NULL, \'43\', \'2024-08-11 23:31:04\', 4000, \'enrolled\', \'trx_66b9494a46029\', \'paid\', \'2024-08-11 23:31:04\', \'2024-08-11 23:31:04\')')
 4 SYSTEMPATH\Database\BaseBuilder.php(2333): CodeIgniter\Database\BaseConnection->query('INSERT INTO `course_enrollments` (`user_id`, `course_id`, `enrollment_date`, `price`, `status`, `payment_reference`, `payment_status`, `created_at`, `updated_at`) VALUES (:user_id:, :course_id:, :enrollment_date:, :price:, :status:, :payment_reference:, :payment_status:, :created_at:, :updated_at:)', [...], false)
 5 SYSTEMPATH\Model.php(394): CodeIgniter\Database\BaseBuilder->insert()
 6 SYSTEMPATH\BaseModel.php(840): CodeIgniter\Model->doInsert([...])
 7 SYSTEMPATH\Model.php(802): CodeIgniter\BaseModel->insert([...], true)
 8 APPPATH\Controllers\PaymentController.php(320): CodeIgniter\Model->insert([...])
 9 SYSTEMPATH\CodeIgniter.php(933): App\Controllers\PaymentController->verifyEnrollmentPayment()
10 SYSTEMPATH\CodeIgniter.php(509): CodeIgniter\CodeIgniter->runController(Object(App\Controllers\PaymentController))
11 SYSTEMPATH\CodeIgniter.php(355): CodeIgniter\CodeIgniter->handleRequest(null, Object(Config\Cache), false)
12 SYSTEMPATH\Boot.php(325): CodeIgniter\CodeIgniter->run()
13 SYSTEMPATH\Boot.php(67): CodeIgniter\Boot::runCodeIgniter(Object(CodeIgniter\CodeIgniter))
14 FCPATH\index.php(59): CodeIgniter\Boot::bootWeb(Object(Config\Paths))
15 SYSTEMPATH\Commands\Server\rewrite.php(49): require_once('C:\\Users\\HP\\OneDrive\\Documents\\GitHub\\learnxa\\public\\index.php')
