CRITICAL - 2024-08-14 01:29:56 --> CodeIgniter\View\Exceptions\ViewException: Invalid file: "quizzes/index.php"
[Method: GET, Route: quizzes]
in SYSTEMPATH/Exceptions/FrameworkException.php on line 41.
 1 SYSTEMPATH/View/View.php(222): CodeIgniter\Exceptions\FrameworkException::forInvalidFile('quizzes/index.php')
 2 SYSTEMPATH/Common.php(1171): CodeIgniter\View\View->render('quizzes/index', [], true)
 3 APPPATH/Controllers/QuizController.php(53): view('quizzes/index', [...])
 4 SYSTEMPATH/CodeIgniter.php(933): App\Controllers\QuizController->index()
 5 SYSTEMPATH/CodeIgniter.php(509): CodeIgniter\CodeIgniter->runController(Object(App\Controllers\QuizController))
 6 SYSTEMPATH/CodeIgniter.php(355): CodeIgniter\CodeIgniter->handleRequest(null, Object(Config\Cache), false)
 7 SYSTEMPATH/Boot.php(325): CodeIgniter\CodeIgniter->run()
 8 SYSTEMPATH/Boot.php(67): CodeIgniter\Boot::runCodeIgniter(Object(CodeIgniter\CodeIgniter))
 9 FCPATH/index.php(59): CodeIgniter\Boot::bootWeb(Object(Config\Paths))
CRITICAL - 2024-08-14 01:32:15 --> CodeIgniter\View\Exceptions\ViewException: Invalid file: "admin/createAndEditCoupon.php"
[Method: GET, Route: admin/coupon]
in SYSTEMPATH/Exceptions/FrameworkException.php on line 41.
 1 SYSTEMPATH/View/View.php(222): CodeIgniter\Exceptions\FrameworkException::forInvalidFile('admin/createAndEditCoupon.php')
 2 SYSTEMPATH/Common.php(1171): CodeIgniter\View\View->render('admin/createAndEditCoupon.php', [], true)
 3 APPPATH/Controllers/Pages.php(164): view('admin/createAndEditCoupon.php')
 4 SYSTEMPATH/CodeIgniter.php(933): App\Controllers\Pages->createAndEditCoupon()
 5 SYSTEMPATH/CodeIgniter.php(509): CodeIgniter\CodeIgniter->runController(Object(App\Controllers\Pages))
 6 SYSTEMPATH/CodeIgniter.php(355): CodeIgniter\CodeIgniter->handleRequest(null, Object(Config\Cache), false)
 7 SYSTEMPATH/Boot.php(325): CodeIgniter\CodeIgniter->run()
 8 SYSTEMPATH/Boot.php(67): CodeIgniter\Boot::runCodeIgniter(Object(CodeIgniter\CodeIgniter))
 9 FCPATH/index.php(59): CodeIgniter\Boot::bootWeb(Object(Config\Paths))
